<?xml version="1.0" encoding="UTF-8"?>
<!-- Generated by org.testng.reporters.JUnitReportReporter -->
<testsuite hostname="VivanPC" failures="0" tests="1" name="testing.code.testcase.QueryParamTest" time="2.719" errors="0" timestamp="2024-02-12T19:39:34 IST" skipped="0">
  <testcase classname="testing.code.testcase.QueryParamTest" name="queryParamTest" time="2.719"/>
  <system-out/>
</testsuite> <!-- testing.code.testcase.QueryParamTest -->
