<?xml version="1.0" encoding="UTF-8"?>
<!-- Generated by org.testng.reporters.JUnitReportReporter -->
<testsuite hostname="VivanPC" failures="0" tests="4" name="bb.RESTfw.testcases.UserTest" time="18.305" errors="0" timestamp="2024-04-30T14:30:38 IST" skipped="0">
  <testcase classname="bb.RESTfw.testcases.UserTest" name="testCreateUser" time="7.193"/>
  <system-out/>
  <testcase classname="bb.RESTfw.testcases.UserTest" name="testGetUser" time="3.276"/>
  <system-out/>
  <testcase classname="bb.RESTfw.testcases.UserTest" name="testUpdateUser" time="4.049"/>
  <system-out/>
  <testcase classname="bb.RESTfw.testcases.UserTest" name="testDeleteUser" time="3.787"/>
  <system-out/>
</testsuite> <!-- bb.RESTfw.testcases.UserTest -->
