<?xml version="1.0" encoding="UTF-8"?>
<!-- Generated by org.testng.reporters.JUnitReportReporter -->
<testsuite hostname="VivanPC" failures="0" tests="1" name="testing.code.testcase.EncryptAndDecrypt" time="0.073" errors="0" timestamp="2024-04-29T10:39:05 IST" skipped="0">
  <testcase classname="testing.code.testcase.EncryptAndDecrypt" name="encryptionTest" time="0.073"/>
  <system-out/>
</testsuite> <!-- testing.code.testcase.EncryptAndDecrypt -->
