<?xml version="1.0" encoding="UTF-8"?>
<!-- Generated by org.testng.reporters.JUnitReportReporter -->
<testsuite hostname="VivanPC" failures="0" tests="2" name="testing.code.testcase.LibreryAPITest" time="2.610" errors="0" timestamp="2024-03-20T17:55:17 IST" skipped="0">
  <testcase classname="testing.code.testcase.LibreryAPITest" name="addBooks" time="0.223"/>
  <system-out/>
  <testcase classname="testing.code.testcase.LibreryAPITest" name="addBooks" time="2.387"/>
  <system-out/>
</testsuite> <!-- testing.code.testcase.LibreryAPITest -->
