<?xml version="1.0" encoding="UTF-8"?>
<!-- Generated by org.testng.reporters.JUnitReportReporter -->
<testsuite hostname="VivanPC" failures="0" tests="3" name="testing.code.testcase.BearerTokenTest" time="3.418" errors="0" timestamp="2024-02-12T19:06:06 IST" skipped="2">
  <testcase classname="testing.code.testcase.BearerTokenTest" name="getAllUser" time="3.418"/>
  <system-out/>
  <testcase classname="testing.code.testcase.BearerTokenTest" name="createUser">
    <skipped/>
  </testcase> <!-- createUser -->
  <system-out/>
  <testcase classname="testing.code.testcase.BearerTokenTest" name="getUser">
    <skipped/>
  </testcase> <!-- getUser -->
  <system-out/>
</testsuite> <!-- testing.code.testcase.BearerTokenTest -->
