<?xml version="1.0" encoding="UTF-8"?>
<!-- Generated by org.testng.reporters.JUnitReportReporter -->
<testsuite hostname="VivanPC" failures="0" tests="1" name="testing.code.testcase.ComplexJsonTasks" time="1.959" errors="0" timestamp="2024-04-29T10:36:27 IST" skipped="0">
  <testcase classname="testing.code.testcase.ComplexJsonTasks" name="complexResponse" time="1.959"/>
  <system-out/>
</testsuite> <!-- testing.code.testcase.ComplexJsonTasks -->
