<?xml version="1.0" encoding="UTF-8"?>
<!-- Generated by org.testng.reporters.JUnitReportReporter -->
<testsuite hostname="VivanPC" failures="0" tests="1" name="testing.code.testcase.ECommerceE2E" time="0.005" errors="0" timestamp="2024-02-05T19:08:55 IST" skipped="0">
  <testcase classname="testing.code.testcase.ECommerceE2E" name="practice" time="0.005"/>
  <system-out/>
</testsuite> <!-- testing.code.testcase.ECommerceE2E -->
