<?xml version="1.0" encoding="UTF-8"?>
<!-- Generated by org.testng.reporters.JUnitReportReporter -->
<testsuite hostname="VivanPC" failures="0" tests="2" name="testing.code.testcase.ExtractResponseDemo" time="3.207" errors="0" timestamp="2024-04-29T10:46:02 IST" skipped="0">
  <testcase classname="testing.code.testcase.ExtractResponseDemo" name="extractResponseUsingObjectMapper" time="2.189"/>
  <system-out/>
  <testcase classname="testing.code.testcase.ExtractResponseDemo" name="extractReponseusingJSONPath" time="1.018"/>
  <system-out/>
</testsuite> <!-- testing.code.testcase.ExtractResponseDemo -->
