<?xml version="1.0" encoding="UTF-8"?>
<!-- Generated by org.testng.reporters.JUnitReportReporter -->
<testsuite hostname="VivanPC" failures="0" tests="1" name="testing.code.testcase.OauthExample" time="3.584" errors="0" timestamp="2024-04-29T10:52:47 IST" skipped="0">
  <testcase classname="testing.code.testcase.OauthExample" name="getResponseUsingOauth" time="3.584"/>
  <system-out/>
</testsuite> <!-- testing.code.testcase.OauthExample -->
