<?xml version="1.0" encoding="UTF-8"?>
<!-- Generated by org.testng.reporters.JUnitReportReporter -->
<testsuite hostname="VivanPC" failures="0" tests="1" name="bib.java.practice.CollectionPractice" time="0.010" errors="0" timestamp="2024-01-24T10:43:18 IST" skipped="0">
  <testcase classname="bib.java.practice.CollectionPractice" name="removeDuplicateFromArrayList" time="0.010"/>
  <system-out/>
</testsuite> <!-- bib.java.practice.CollectionPractice -->
