<?xml version="1.0" encoding="UTF-8"?>
<!-- Generated by org.testng.reporters.JUnitReportReporter -->
<testsuite hostname="VivanPC" failures="0" tests="6" name="bb.RESTfw.testcases.UserTest_DD" time="11.286" errors="0" timestamp="2024-05-02T10:19:40 IST" skipped="0">
  <testcase classname="bb.RESTfw.testcases.UserTest_DD" name="testCreateUser" time="1.298"/>
  <system-out/>
  <testcase classname="bb.RESTfw.testcases.UserTest_DD" name="testCreateUser" time="4.356"/>
  <system-out/>
  <testcase classname="bb.RESTfw.testcases.UserTest_DD" name="testDeleteUser" time="1.445"/>
  <system-out/>
  <testcase classname="bb.RESTfw.testcases.UserTest_DD" name="testDeleteUser" time="1.360"/>
  <system-out/>
  <testcase classname="bb.RESTfw.testcases.UserTest_DD" name="testGetUser" time="1.355"/>
  <system-out/>
  <testcase classname="bb.RESTfw.testcases.UserTest_DD" name="testGetUser" time="1.472"/>
  <system-out/>
</testsuite> <!-- bb.RESTfw.testcases.UserTest_DD -->
