<?xml version="1.0" encoding="UTF-8"?>
<!-- Generated by org.testng.reporters.JUnitReportReporter -->
<testsuite hostname="VivanPC" failures="0" tests="6" name="bb.RESTfw.testcases.UserTest_DD" time="9.390" errors="0" timestamp="2024-05-02T11:23:05 IST" skipped="0">
  <testcase classname="bb.RESTfw.testcases.UserTest_DD" name="testCreateUser" time="1.248"/>
  <system-out/>
  <testcase classname="bb.RESTfw.testcases.UserTest_DD" name="testCreateUser" time="3.179"/>
  <system-out/>
  <testcase classname="bb.RESTfw.testcases.UserTest_DD" name="testDeleteUser" time="1.241"/>
  <system-out/>
  <testcase classname="bb.RESTfw.testcases.UserTest_DD" name="testDeleteUser" time="1.227"/>
  <system-out/>
  <testcase classname="bb.RESTfw.testcases.UserTest_DD" name="testGetUser" time="1.223"/>
  <system-out/>
  <testcase classname="bb.RESTfw.testcases.UserTest_DD" name="testGetUser" time="1.272"/>
  <system-out/>
</testsuite> <!-- bb.RESTfw.testcases.UserTest_DD -->
